Using pre-set license
Built from '2020.3/staging' branch; Version is '2020.3.0f1 (c7b5465681fb) revision 13088070'; Using compiler version '192528614'; Build Type 'Release'
OS: 'Windows 10 Home; OS build 19042.870; Version 2009; 64bit' Language: 'ko' Physical Memory: 16224 MB
BatchMode: 1, IsHumanControllingUs: 0, StartBugReporterOnCrash: 0, Is64bit: 1, IsPro: 0

 COMMAND LINE ARGUMENTS:
C:\Program Files\Unity\Hub\Editor\2020.3.0f1\Editor\Unity.exe
-adb2
-batchMode
-noUpm
-name
AssetImportWorker0
-projectPath
C:/TeslaPraticeOther
-logFile
Logs/AssetImportWorker0.log
-srvPort
13312
Successfully changed project path to: C:/TeslaPraticeOther
C:/TeslaPraticeOther
Using Asset Import Pipeline V2.
Refreshing native plugins compatible for Editor in 40.44 ms, found 1 plugins.
Preloading 0 native plugins for Editor in 0.00 ms.
Initialize engine version: 2020.3.0f1 (c7b5465681fb)
[Subsystems] Discovering subsystems at path C:/Program Files/Unity/Hub/Editor/2020.3.0f1/Editor/Data/Resources/UnitySubsystems
[Subsystems] Discovering subsystems at path C:/TeslaPraticeOther/Assets
GfxDevice: creating device client; threaded=0
Direct3D:
    Version:  Direct3D 11.0 [level 11.1]
    Renderer: NVIDIA GeForce GTX 1650 Ti (ID=0x1f95)
    Vendor:   
    VRAM:     3964 MB
    Driver:   27.21.14.6109
Initialize mono
Mono path[0] = 'C:/Program Files/Unity/Hub/Editor/2020.3.0f1/Editor/Data/Managed'
Mono path[1] = 'C:/Program Files/Unity/Hub/Editor/2020.3.0f1/Editor/Data/MonoBleedingEdge/lib/mono/unityjit'
Mono config path = 'C:/Program Files/Unity/Hub/Editor/2020.3.0f1/Editor/Data/MonoBleedingEdge/etc'
Using monoOptions --debugger-agent=transport=dt_socket,embedding=1,server=y,suspend=n,address=127.0.0.1:56352
Begin MonoManager ReloadAssembly
Registering precompiled unity dll's ...
Register platform support module: C:/Program Files/Unity/Hub/Editor/2020.3.0f1/Editor/Data/PlaybackEngines/WindowsStandaloneSupport/UnityEditor.WindowsStandalone.Extensions.dll
Registered in 0.001636 seconds.
Native extension for WindowsStandalone target not found
Refreshing native plugins compatible for Editor in 45.05 ms, found 1 plugins.
Preloading 0 native plugins for Editor in 0.00 ms.
Invoked RoslynAnalysisRunner static constructor.
RoslynAnalysisRunner will not be running.
RoslynAnalysisRunner has terminated.
Mono: successfully reloaded assembly
- Completed reload, in  1.163 seconds
Platform modules already initialized, skipping
Registering precompiled user dll's ...
Registered in 0.001638 seconds.
Begin MonoManager ReloadAssembly
Native extension for WindowsStandalone target not found
Refreshing native plugins compatible for Editor in 39.36 ms, found 1 plugins.
Preloading 0 native plugins for Editor in 0.00 ms.
Invoked RoslynAnalysisRunner static constructor.
RoslynAnalysisRunner will not be running.
RoslynAnalysisRunner has terminated.
Mono: successfully reloaded assembly
- Completed reload, in  1.019 seconds
Platform modules already initialized, skipping
========================================================================
Worker process is ready to serve import requests
Launched and connected shader compiler UnityShaderCompiler.exe after 0.03 seconds
Refreshing native plugins compatible for Editor in 0.38 ms, found 1 plugins.
Preloading 0 native plugins for Editor in 0.00 ms.
Unloading 1865 Unused Serialized files (Serialized files now loaded: 0)
System memory in use before: 86.1 MB.
System memory in use after: 86.1 MB.

Unloading 24 unused Assets to reduce memory usage. Loaded Objects now: 2309.
Total: 2.138400 ms (FindLiveObjects: 0.238700 ms CreateObjectMapping: 0.076700 ms MarkObjects: 1.681500 ms  DeleteObjects: 0.118500 ms)

========================================================================
Received Import Request.
  path: Assets/Assets/Scripts/Audio/AudioManager.cs
  artifactKey: Guid(bc65091d15f5f544e9276526ca2ed2ad) Importer(815301076,1909f56bfc062723c751e8b465ee728b)
Start importing Assets/Assets/Scripts/Audio/AudioManager.cs using Guid(bc65091d15f5f544e9276526ca2ed2ad) Importer(815301076,1909f56bfc062723c751e8b465ee728b)  -> (artifact id: '64f45c26ca7c53c2428f40d10a266cfc') in 0.026276 seconds
  Import took 0.029187 seconds .

========================================================================
Received Prepare
Refreshing native plugins compatible for Editor in 1.65 ms, found 1 plugins.
Preloading 0 native plugins for Editor in 0.00 ms.
Unloading 10 Unused Serialized files (Serialized files now loaded: 0)
System memory in use before: 49.4 MB.
System memory in use after: 49.4 MB.

Unloading 10 unused Assets to reduce memory usage. Loaded Objects now: 2309.
Total: 4.597600 ms (FindLiveObjects: 0.563800 ms CreateObjectMapping: 0.261700 ms MarkObjects: 3.621400 ms  DeleteObjects: 0.149600 ms)

========================================================================
Received Import Request.
  Time since last request: 304.099809 seconds.
  path: Assets/CasualGameSounds
  artifactKey: Guid(dd1bf56cf0864f446a7e88c08e54f97d) Importer(815301076,1909f56bfc062723c751e8b465ee728b)
Start importing Assets/CasualGameSounds using Guid(dd1bf56cf0864f446a7e88c08e54f97d) Importer(815301076,1909f56bfc062723c751e8b465ee728b)  -> (artifact id: '6001678ce890b2e2cfe1ee7730cf366b') in 0.009180 seconds
  Import took 0.013899 seconds .

========================================================================
Received Import Request.
  Time since last request: 0.059047 seconds.
  path: Assets/CasualGameSounds/DM-CGS-01.wav
  artifactKey: Guid(32d4b1811dda14a6cb9e059ee8ad17d2) Importer(815301076,1909f56bfc062723c751e8b465ee728b)
Start importing Assets/CasualGameSounds/DM-CGS-01.wav using Guid(32d4b1811dda14a6cb9e059ee8ad17d2) Importer(815301076,1909f56bfc062723c751e8b465ee728b)  -> (artifact id: 'dc9b3130c47574f9374234e6f93a67d6') in 0.078758 seconds
  Import took 0.081728 seconds .

========================================================================
Received Import Request.
  Time since last request: 0.000223 seconds.
  path: Assets/CasualGameSounds/DM-CGS-34.wav
  artifactKey: Guid(881e3f52c86c94f26a60718d35627cd8) Importer(815301076,1909f56bfc062723c751e8b465ee728b)
Start importing Assets/CasualGameSounds/DM-CGS-34.wav using Guid(881e3f52c86c94f26a60718d35627cd8) Importer(815301076,1909f56bfc062723c751e8b465ee728b)  -> (artifact id: '5400c802b900b71eeb53eb5636a64d17') in 0.015189 seconds
  Import took 0.018485 seconds .

========================================================================
Received Import Request.
  Time since last request: 0.000183 seconds.
  path: Assets/CasualGameSounds/DM-CGS-18.wav
  artifactKey: Guid(2667a0a008b044e218b63df62e2be749) Importer(815301076,1909f56bfc062723c751e8b465ee728b)
Start importing Assets/CasualGameSounds/DM-CGS-18.wav using Guid(2667a0a008b044e218b63df62e2be749) Importer(815301076,1909f56bfc062723c751e8b465ee728b)  -> (artifact id: '291cf44dc2fd6375830509aef2da8627') in 0.015645 seconds
  Import took 0.018934 seconds .

========================================================================
Received Import Request.
  Time since last request: 0.000214 seconds.
  path: Assets/CasualGameSounds/DM-CGS-22.wav
  artifactKey: Guid(d8d04c6f80a1140db85ede568dab1f51) Importer(815301076,1909f56bfc062723c751e8b465ee728b)
Start importing Assets/CasualGameSounds/DM-CGS-22.wav using Guid(d8d04c6f80a1140db85ede568dab1f51) Importer(815301076,1909f56bfc062723c751e8b465ee728b)  -> (artifact id: '29b87b75925db0ff36a37520524e771f') in 0.019490 seconds
  Import took 0.024597 seconds .

========================================================================
Received Import Request.
  Time since last request: 0.000264 seconds.
  path: Assets/CasualGameSounds/DM-CGS-38.wav
  artifactKey: Guid(84e427d6b66ab4066b6a4dcd0ce819ee) Importer(815301076,1909f56bfc062723c751e8b465ee728b)
Start importing Assets/CasualGameSounds/DM-CGS-38.wav using Guid(84e427d6b66ab4066b6a4dcd0ce819ee) Importer(815301076,1909f56bfc062723c751e8b465ee728b)  -> (artifact id: '45d4df816af9a41872da7c091c65c05b') in 0.018813 seconds
  Import took 0.022088 seconds .

========================================================================
Received Import Request.
  Time since last request: 0.000321 seconds.
  path: Assets/CasualGameSounds/DM-CGS-16.wav
  artifactKey: Guid(724131bc8a7f34041bb9f1701f0cb58d) Importer(815301076,1909f56bfc062723c751e8b465ee728b)
Start importing Assets/CasualGameSounds/DM-CGS-16.wav using Guid(724131bc8a7f34041bb9f1701f0cb58d) Importer(815301076,1909f56bfc062723c751e8b465ee728b)  -> (artifact id: '55e31b29fb420e4922664494e479297d') in 0.018759 seconds
  Import took 0.022928 seconds .

========================================================================
Received Import Request.
  Time since last request: 0.000220 seconds.
  path: Assets/CasualGameSounds/DM-CGS-19.wav
  artifactKey: Guid(81652031b64c342cc8dbc59c138d77c5) Importer(815301076,1909f56bfc062723c751e8b465ee728b)
Start importing Assets/CasualGameSounds/DM-CGS-19.wav using Guid(81652031b64c342cc8dbc59c138d77c5) Importer(815301076,1909f56bfc062723c751e8b465ee728b)  -> (artifact id: '29db16567096e4c3be7673cd2ff9c170') in 0.020498 seconds
  Import took 0.024921 seconds .

========================================================================
Received Import Request.
  Time since last request: 0.000207 seconds.
  path: Assets/CasualGameSounds/DM-CGS-12.wav
  artifactKey: Guid(7478151cf36724a7dada558f746c3633) Importer(815301076,1909f56bfc062723c751e8b465ee728b)
Start importing Assets/CasualGameSounds/DM-CGS-12.wav using Guid(7478151cf36724a7dada558f746c3633) Importer(815301076,1909f56bfc062723c751e8b465ee728b)  -> (artifact id: '369a6d09d8f7a395565968510ebd612c') in 0.021135 seconds
  Import took 0.024875 seconds .

========================================================================
Received Import Request.
  Time since last request: 0.000320 seconds.
  path: Assets/CasualGameSounds/DM-CGS-20.wav
  artifactKey: Guid(6e8772b49f34d402a90016ed445d8a2f) Importer(815301076,1909f56bfc062723c751e8b465ee728b)
Start importing Assets/CasualGameSounds/DM-CGS-20.wav using Guid(6e8772b49f34d402a90016ed445d8a2f) Importer(815301076,1909f56bfc062723c751e8b465ee728b)  -> (artifact id: '842542ca500783d705c670d68526fcb0') in 0.020282 seconds
  Import took 0.024694 seconds .

========================================================================
Received Import Request.
  Time since last request: 0.000186 seconds.
  path: Assets/CasualGameSounds/DM-CGS-11.wav
  artifactKey: Guid(a0010a1a0c474473b81729eb770c485f) Importer(815301076,1909f56bfc062723c751e8b465ee728b)
Start importing Assets/CasualGameSounds/DM-CGS-11.wav using Guid(a0010a1a0c474473b81729eb770c485f) Importer(815301076,1909f56bfc062723c751e8b465ee728b)  -> (artifact id: '557fdef34627aa6cabef735c7832f96d') in 0.019293 seconds
  Import took 0.022382 seconds .

========================================================================
Received Import Request.
  Time since last request: 0.000202 seconds.
  path: Assets/CasualGameSounds/DM-CGS-30.wav
  artifactKey: Guid(130a177e727814a2ea78a886ab72213d) Importer(815301076,1909f56bfc062723c751e8b465ee728b)
Start importing Assets/CasualGameSounds/DM-CGS-30.wav using Guid(130a177e727814a2ea78a886ab72213d) Importer(815301076,1909f56bfc062723c751e8b465ee728b)  -> (artifact id: '4b6d28d5c5f7501f3c2f69f631482636') in 0.020247 seconds
  Import took 0.023577 seconds .

========================================================================
Received Import Request.
  Time since last request: 0.000199 seconds.
  path: Assets/CasualGameSounds/DM-CGS-39.wav
  artifactKey: Guid(3becec1909f194046945d85ac1077772) Importer(815301076,1909f56bfc062723c751e8b465ee728b)
Start importing Assets/CasualGameSounds/DM-CGS-39.wav using Guid(3becec1909f194046945d85ac1077772) Importer(815301076,1909f56bfc062723c751e8b465ee728b)  -> (artifact id: 'c4d8a0590fe03507b7ae9d9b5e9641d7') in 0.023508 seconds
  Import took 0.027638 seconds .

========================================================================
Received Import Request.
  Time since last request: 0.000215 seconds.
  path: Assets/CasualGameSounds/DM-CGS-32.wav
  artifactKey: Guid(29bde6326b4c34ad8a12da475f79b50a) Importer(815301076,1909f56bfc062723c751e8b465ee728b)
Start importing Assets/CasualGameSounds/DM-CGS-32.wav using Guid(29bde6326b4c34ad8a12da475f79b50a) Importer(815301076,1909f56bfc062723c751e8b465ee728b)  -> (artifact id: 'b41b2129c67951b540ee71c98fc7c3a6') in 0.018400 seconds
  Import took 0.022654 seconds .

========================================================================
Received Import Request.
  Time since last request: 0.000204 seconds.
  path: Assets/CasualGameSounds/DM-CGS-24.wav
  artifactKey: Guid(657578e4be6b64dbf9b09deada272e55) Importer(815301076,1909f56bfc062723c751e8b465ee728b)
Start importing Assets/CasualGameSounds/DM-CGS-24.wav using Guid(657578e4be6b64dbf9b09deada272e55) Importer(815301076,1909f56bfc062723c751e8b465ee728b)  -> (artifact id: '28935c66ed6468f2026565866d921c7c') in 0.023119 seconds
  Import took 0.026570 seconds .

========================================================================
Received Import Request.
  Time since last request: 0.000240 seconds.
  path: Assets/CasualGameSounds/DM-CGS-25.wav
  artifactKey: Guid(5fdb13d3756c84fecac96f5a2d124370) Importer(815301076,1909f56bfc062723c751e8b465ee728b)
Start importing Assets/CasualGameSounds/DM-CGS-25.wav using Guid(5fdb13d3756c84fecac96f5a2d124370) Importer(815301076,1909f56bfc062723c751e8b465ee728b)  -> (artifact id: '0c2cf14e15e61bd0a9e05fff74974185') in 0.019812 seconds
  Import took 0.024927 seconds .

========================================================================
Received Import Request.
  Time since last request: 0.000194 seconds.
  path: Assets/CasualGameSounds/DM-CGS-26.wav
  artifactKey: Guid(7bd6b897eb5ca4b7d88a205c4a51640c) Importer(815301076,1909f56bfc062723c751e8b465ee728b)
Start importing Assets/CasualGameSounds/DM-CGS-26.wav using Guid(7bd6b897eb5ca4b7d88a205c4a51640c) Importer(815301076,1909f56bfc062723c751e8b465ee728b)  -> (artifact id: 'b331ef0c0f64c32382ba1a268303f9de') in 0.019294 seconds
  Import took 0.024030 seconds .

========================================================================
Received Import Request.
  Time since last request: 0.000224 seconds.
  path: Assets/CasualGameSounds/DM-CGS-10.wav
  artifactKey: Guid(cabfae866cab347928b74b7d0ca6bfa9) Importer(815301076,1909f56bfc062723c751e8b465ee728b)
Start importing Assets/CasualGameSounds/DM-CGS-10.wav using Guid(cabfae866cab347928b74b7d0ca6bfa9) Importer(815301076,1909f56bfc062723c751e8b465ee728b)  -> (artifact id: 'f5d202c81110b804a55a5dbc11f65f11') in 0.018827 seconds
  Import took 0.023225 seconds .

========================================================================
Received Import Request.
  Time since last request: 0.000209 seconds.
  path: Assets/CasualGameSounds/DM-CGS-17.wav
  artifactKey: Guid(b9eff218e132a4e76be78840eca96fb2) Importer(815301076,1909f56bfc062723c751e8b465ee728b)
Start importing Assets/CasualGameSounds/DM-CGS-17.wav using Guid(b9eff218e132a4e76be78840eca96fb2) Importer(815301076,1909f56bfc062723c751e8b465ee728b)  -> (artifact id: 'b2a589cf33e7744d40567b2c9303ee75') in 0.019607 seconds
  Import took 0.023058 seconds .

========================================================================
Received Import Request.
  Time since last request: 0.000173 seconds.
  path: Assets/CasualGameSounds/DM-CGS-15.wav
  artifactKey: Guid(0c008ee3ee72a4362a35be25fa5de043) Importer(815301076,1909f56bfc062723c751e8b465ee728b)
Start importing Assets/CasualGameSounds/DM-CGS-15.wav using Guid(0c008ee3ee72a4362a35be25fa5de043) Importer(815301076,1909f56bfc062723c751e8b465ee728b)  -> (artifact id: 'e172de805087dcb8f2db0d3ea016dc82') in 0.018347 seconds
  Import took 0.022365 seconds .

========================================================================
Received Import Request.
  Time since last request: 0.000184 seconds.
  path: Assets/CasualGameSounds/DM-CGS-29.wav
  artifactKey: Guid(80e397195ea2940b69ee7bdbded856a5) Importer(815301076,1909f56bfc062723c751e8b465ee728b)
Start importing Assets/CasualGameSounds/DM-CGS-29.wav using Guid(80e397195ea2940b69ee7bdbded856a5) Importer(815301076,1909f56bfc062723c751e8b465ee728b)  -> (artifact id: '43c58083744f42fa54e3b8bdfa9aba66') in 0.019913 seconds
  Import took 0.023662 seconds .

========================================================================
Received Import Request.
  Time since last request: 0.000167 seconds.
  path: Assets/CasualGameSounds/DM-CGS-07.wav
  artifactKey: Guid(2c5292ba5cf254919a6b9e2b18e04f49) Importer(815301076,1909f56bfc062723c751e8b465ee728b)
Start importing Assets/CasualGameSounds/DM-CGS-07.wav using Guid(2c5292ba5cf254919a6b9e2b18e04f49) Importer(815301076,1909f56bfc062723c751e8b465ee728b)  -> (artifact id: '74343cba9fc72207e672a7913f7bcc96') in 0.018608 seconds
  Import took 0.021841 seconds .

========================================================================
Received Import Request.
  Time since last request: 0.000242 seconds.
  path: Assets/CasualGameSounds/DM-CGS-23.wav
  artifactKey: Guid(a0ca8964c08d54c5dbebf245bdc474ca) Importer(815301076,1909f56bfc062723c751e8b465ee728b)
Start importing Assets/CasualGameSounds/DM-CGS-23.wav using Guid(a0ca8964c08d54c5dbebf245bdc474ca) Importer(815301076,1909f56bfc062723c751e8b465ee728b)  -> (artifact id: '9d680a76536ba086bcd993f2932f797c') in 0.020282 seconds
  Import took 0.024166 seconds .

========================================================================
Received Import Request.
  Time since last request: 0.000295 seconds.
  path: Assets/CasualGameSounds/DM-CGS-35.wav
  artifactKey: Guid(89e6bc608da7b47d4914f3d9c2484e48) Importer(815301076,1909f56bfc062723c751e8b465ee728b)
Start importing Assets/CasualGameSounds/DM-CGS-35.wav using Guid(89e6bc608da7b47d4914f3d9c2484e48) Importer(815301076,1909f56bfc062723c751e8b465ee728b)  -> (artifact id: 'be00cf023007265ff9eca966d053c4fc') in 0.021927 seconds
  Import took 0.025506 seconds .

========================================================================
Received Import Request.
  Time since last request: 0.000216 seconds.
  path: Assets/CasualGameSounds/DM-CGS-08.wav
  artifactKey: Guid(4e1ff8faed12a475eba9be0e46072269) Importer(815301076,1909f56bfc062723c751e8b465ee728b)
Start importing Assets/CasualGameSounds/DM-CGS-08.wav using Guid(4e1ff8faed12a475eba9be0e46072269) Importer(815301076,1909f56bfc062723c751e8b465ee728b)  -> (artifact id: '2eed2e153e12ace5e858741cee4fa03c') in 0.019726 seconds
  Import took 0.023685 seconds .

========================================================================
Received Import Request.
  Time since last request: 0.000215 seconds.
  path: Assets/CasualGameSounds/DM-CGS-36.wav
  artifactKey: Guid(df729d213c4be44a9b55cd109f5cd4f9) Importer(815301076,1909f56bfc062723c751e8b465ee728b)
Start importing Assets/CasualGameSounds/DM-CGS-36.wav using Guid(df729d213c4be44a9b55cd109f5cd4f9) Importer(815301076,1909f56bfc062723c751e8b465ee728b)  -> (artifact id: '8dbc92bdace40fcf35175a1acd5df5ff') in 0.019495 seconds
  Import took 0.022733 seconds .

========================================================================
Received Import Request.
  Time since last request: 0.000190 seconds.
  path: Assets/CasualGameSounds/DM-CGS-04.wav
  artifactKey: Guid(c5e2a73ad4706440f93bf05df0b465fe) Importer(815301076,1909f56bfc062723c751e8b465ee728b)
Start importing Assets/CasualGameSounds/DM-CGS-04.wav using Guid(c5e2a73ad4706440f93bf05df0b465fe) Importer(815301076,1909f56bfc062723c751e8b465ee728b)  -> (artifact id: 'd30395362520d6a98e75894d089f461c') in 0.017478 seconds
  Import took 0.021094 seconds .

========================================================================
Received Import Request.
  Time since last request: 0.000429 seconds.
  path: Assets/CasualGameSounds/DM-CGS-05.wav
  artifactKey: Guid(b99da9a57308d4ba1bee1cf1d9038376) Importer(815301076,1909f56bfc062723c751e8b465ee728b)
Start importing Assets/CasualGameSounds/DM-CGS-05.wav using Guid(b99da9a57308d4ba1bee1cf1d9038376) Importer(815301076,1909f56bfc062723c751e8b465ee728b)  -> (artifact id: '1e22f87a4e3570f950cb08d7b5fef712') in 0.020259 seconds
  Import took 0.023867 seconds .

========================================================================
Received Import Request.
  Time since last request: 0.000184 seconds.
  path: Assets/CasualGameSounds/DM-CGS-14.wav
  artifactKey: Guid(b6428d4edb06344ba829da4edd9967c1) Importer(815301076,1909f56bfc062723c751e8b465ee728b)
Start importing Assets/CasualGameSounds/DM-CGS-14.wav using Guid(b6428d4edb06344ba829da4edd9967c1) Importer(815301076,1909f56bfc062723c751e8b465ee728b)  -> (artifact id: '125824d211863f5f145b2f8fff651b71') in 0.019400 seconds
  Import took 0.022724 seconds .

========================================================================
Received Import Request.
  Time since last request: 0.000185 seconds.
  path: Assets/CasualGameSounds/DM-CGS-31.wav
  artifactKey: Guid(cf6c0e7fbef9449c98a0cdb5ea0c4d9f) Importer(815301076,1909f56bfc062723c751e8b465ee728b)
Start importing Assets/CasualGameSounds/DM-CGS-31.wav using Guid(cf6c0e7fbef9449c98a0cdb5ea0c4d9f) Importer(815301076,1909f56bfc062723c751e8b465ee728b)  -> (artifact id: 'f0be60897490c85a06cb90c4b876745c') in 0.020700 seconds
  Import took 0.023937 seconds .

========================================================================
Received Import Request.
  Time since last request: 0.000233 seconds.
  path: Assets/CasualGameSounds/DM-CGS-09.wav
  artifactKey: Guid(ff5f85da24bc943d1abdc5760a22bc81) Importer(815301076,1909f56bfc062723c751e8b465ee728b)
Start importing Assets/CasualGameSounds/DM-CGS-09.wav using Guid(ff5f85da24bc943d1abdc5760a22bc81) Importer(815301076,1909f56bfc062723c751e8b465ee728b)  -> (artifact id: '9c23912c839e733e3f9935ed56a7366a') in 0.022066 seconds
  Import took 0.025363 seconds .

========================================================================
Received Import Request.
  Time since last request: 0.000187 seconds.
  path: Assets/CasualGameSounds/DM-CGS-33.wav
  artifactKey: Guid(35fbad8cdde724f11ba6481f1e64af71) Importer(815301076,1909f56bfc062723c751e8b465ee728b)
Start importing Assets/CasualGameSounds/DM-CGS-33.wav using Guid(35fbad8cdde724f11ba6481f1e64af71) Importer(815301076,1909f56bfc062723c751e8b465ee728b)  -> (artifact id: 'a89ef9835b11d020eaee4e406a554bb6') in 0.018587 seconds
  Import took 0.022258 seconds .

========================================================================
Received Import Request.
  Time since last request: 0.000219 seconds.
  path: Assets/CasualGameSounds/DM-CGS-40.wav
  artifactKey: Guid(0994c12e202f342459a4212e7287f7e8) Importer(815301076,1909f56bfc062723c751e8b465ee728b)
Start importing Assets/CasualGameSounds/DM-CGS-40.wav using Guid(0994c12e202f342459a4212e7287f7e8) Importer(815301076,1909f56bfc062723c751e8b465ee728b)  -> (artifact id: '48aa4efecd6ad82f4c6dc6b3f446a3b5') in 0.018767 seconds
  Import took 0.022729 seconds .

========================================================================
Received Import Request.
  Time since last request: 0.000186 seconds.
  path: Assets/CasualGameSounds/DM-CGS-13.wav
  artifactKey: Guid(72127805eb2bc4e7fbf2e02eca266cfa) Importer(815301076,1909f56bfc062723c751e8b465ee728b)
Start importing Assets/CasualGameSounds/DM-CGS-13.wav using Guid(72127805eb2bc4e7fbf2e02eca266cfa) Importer(815301076,1909f56bfc062723c751e8b465ee728b)  -> (artifact id: '9eab425abc98b40b7cedfb09e576ed88') in 0.017248 seconds
  Import took 0.020230 seconds .

========================================================================
Received Import Request.
  Time since last request: 0.000203 seconds.
  path: Assets/CasualGameSounds/DM-CGS-47.wav
  artifactKey: Guid(d46323e22e74e46baa241cbf48c85671) Importer(815301076,1909f56bfc062723c751e8b465ee728b)
Start importing Assets/CasualGameSounds/DM-CGS-47.wav using Guid(d46323e22e74e46baa241cbf48c85671) Importer(815301076,1909f56bfc062723c751e8b465ee728b)  -> (artifact id: 'dda225c9627a2c80470febb3e1bde372') in 0.019321 seconds
  Import took 0.022523 seconds .

========================================================================
Received Import Request.
  Time since last request: 0.000185 seconds.
  path: Assets/CasualGameSounds/DM-CGS-44.wav
  artifactKey: Guid(b43d102aac6b145468dcaa94a5cccae1) Importer(815301076,1909f56bfc062723c751e8b465ee728b)
Start importing Assets/CasualGameSounds/DM-CGS-44.wav using Guid(b43d102aac6b145468dcaa94a5cccae1) Importer(815301076,1909f56bfc062723c751e8b465ee728b)  -> (artifact id: 'd4da1ae8f9ef7bda83477ffecaa80fed') in 0.018606 seconds
  Import took 0.022147 seconds .

========================================================================
Received Import Request.
  Time since last request: 0.000196 seconds.
  path: Assets/CasualGameSounds/DM-CGS-50.wav
  artifactKey: Guid(79e6baad2fd414b82a6d49ce1568d2e5) Importer(815301076,1909f56bfc062723c751e8b465ee728b)
Start importing Assets/CasualGameSounds/DM-CGS-50.wav using Guid(79e6baad2fd414b82a6d49ce1568d2e5) Importer(815301076,1909f56bfc062723c751e8b465ee728b)  -> (artifact id: 'd704b2113817c149d84adc3bad88ccdb') in 0.018420 seconds
  Import took 0.021595 seconds .

========================================================================
Received Import Request.
  Time since last request: 0.000173 seconds.
  path: Assets/CasualGameSounds/DM-CGS-45.wav
  artifactKey: Guid(52320e590bf774734a288886eba557ba) Importer(815301076,1909f56bfc062723c751e8b465ee728b)
Start importing Assets/CasualGameSounds/DM-CGS-45.wav using Guid(52320e590bf774734a288886eba557ba) Importer(815301076,1909f56bfc062723c751e8b465ee728b)  -> (artifact id: 'ef4182629af03b6640da40117a9346a8') in 0.019848 seconds
  Import took 0.023556 seconds .

========================================================================
Received Import Request.
  Time since last request: 0.000224 seconds.
  path: Assets/CasualGameSounds/DM-CGS-46.wav
  artifactKey: Guid(fe0b1f9aeb45b41b089175aeeabd5d95) Importer(815301076,1909f56bfc062723c751e8b465ee728b)
Start importing Assets/CasualGameSounds/DM-CGS-46.wav using Guid(fe0b1f9aeb45b41b089175aeeabd5d95) Importer(815301076,1909f56bfc062723c751e8b465ee728b)  -> (artifact id: '7b77ebc4b476320bca145a4153d843d0') in 0.018704 seconds
  Import took 0.021537 seconds .

========================================================================
Received Import Request.
  Time since last request: 0.000175 seconds.
  path: Assets/CasualGameSounds/DM-CGS-42.wav
  artifactKey: Guid(38a17a92b9d9748c6a1e67972041b833) Importer(815301076,1909f56bfc062723c751e8b465ee728b)
Start importing Assets/CasualGameSounds/DM-CGS-42.wav using Guid(38a17a92b9d9748c6a1e67972041b833) Importer(815301076,1909f56bfc062723c751e8b465ee728b)  -> (artifact id: '507fda1e88d3b8a774dec8734d4dab5a') in 0.017421 seconds
  Import took 0.020415 seconds .

========================================================================
Received Import Request.
  Time since last request: 0.000173 seconds.
  path: Assets/CasualGameSounds/DM-CGS-48.wav
  artifactKey: Guid(7e26c9daf4c32483b9c2790e662d3f1b) Importer(815301076,1909f56bfc062723c751e8b465ee728b)
Start importing Assets/CasualGameSounds/DM-CGS-48.wav using Guid(7e26c9daf4c32483b9c2790e662d3f1b) Importer(815301076,1909f56bfc062723c751e8b465ee728b)  -> (artifact id: '2a108872a2e9ba511c3267d1364c2837') in 0.022132 seconds
  Import took 0.025443 seconds .

========================================================================
Received Import Request.
  Time since last request: 0.000206 seconds.
  path: Assets/CasualGameSounds/DM-CGS-49.wav
  artifactKey: Guid(7bef0064f8567430cac22499c6b93d4f) Importer(815301076,1909f56bfc062723c751e8b465ee728b)
Start importing Assets/CasualGameSounds/DM-CGS-49.wav using Guid(7bef0064f8567430cac22499c6b93d4f) Importer(815301076,1909f56bfc062723c751e8b465ee728b)  -> (artifact id: 'ad74d3c6a3dc713548b59f28c86a5682') in 0.019116 seconds
  Import took 0.022470 seconds .

========================================================================
Received Import Request.
  Time since last request: 0.000189 seconds.
  path: Assets/CasualGameSounds/DM-CGS-43.wav
  artifactKey: Guid(4b4dd7245f6104c8c8eb07ccf6b386ed) Importer(815301076,1909f56bfc062723c751e8b465ee728b)
Start importing Assets/CasualGameSounds/DM-CGS-43.wav using Guid(4b4dd7245f6104c8c8eb07ccf6b386ed) Importer(815301076,1909f56bfc062723c751e8b465ee728b)  -> (artifact id: '465487d12ffd6588a77c93af9ef43660') in 0.017412 seconds
  Import took 0.021161 seconds .

========================================================================
Received Import Request.
  Time since last request: 0.000328 seconds.
  path: Assets/CasualGameSounds/DM-CGS-41.wav
  artifactKey: Guid(7e9ee6dc04a5d40d1a5dfc4beb9865e7) Importer(815301076,1909f56bfc062723c751e8b465ee728b)
Start importing Assets/CasualGameSounds/DM-CGS-41.wav using Guid(7e9ee6dc04a5d40d1a5dfc4beb9865e7) Importer(815301076,1909f56bfc062723c751e8b465ee728b)  -> (artifact id: '867e5bd40a01545b0d6710c76c4ec161') in 0.018087 seconds
  Import took 0.021268 seconds .

========================================================================
Received Import Request.
  Time since last request: 0.000187 seconds.
  path: Assets/CasualGameSounds/DM-CGS-03.wav
  artifactKey: Guid(19f89c6e740e7447f9e12a8310d3e973) Importer(815301076,1909f56bfc062723c751e8b465ee728b)
Start importing Assets/CasualGameSounds/DM-CGS-03.wav using Guid(19f89c6e740e7447f9e12a8310d3e973) Importer(815301076,1909f56bfc062723c751e8b465ee728b)  -> (artifact id: '40028aaf1fd481f8fbc77e99e77afaa8') in 0.018887 seconds
  Import took 0.021939 seconds .

========================================================================
Received Import Request.
  Time since last request: 0.000201 seconds.
  path: Assets/CasualGameSounds/DM-CGS-21.wav
  artifactKey: Guid(ffb159a21c8a04135a5616979c828fab) Importer(815301076,1909f56bfc062723c751e8b465ee728b)
Start importing Assets/CasualGameSounds/DM-CGS-21.wav using Guid(ffb159a21c8a04135a5616979c828fab) Importer(815301076,1909f56bfc062723c751e8b465ee728b)  -> (artifact id: '288492ee2d6635862a58d3aaa18e224e') in 0.016868 seconds
  Import took 0.020004 seconds .

========================================================================
Received Import Request.
  Time since last request: 0.000179 seconds.
  path: Assets/CasualGameSounds/DM-CGS-06.wav
  artifactKey: Guid(a235d590ef2a04d1b85b61ef4c21337c) Importer(815301076,1909f56bfc062723c751e8b465ee728b)
Start importing Assets/CasualGameSounds/DM-CGS-06.wav using Guid(a235d590ef2a04d1b85b61ef4c21337c) Importer(815301076,1909f56bfc062723c751e8b465ee728b)  -> (artifact id: '9fae20823471b7e50e0bf1add3a012c4') in 0.019465 seconds
  Import took 0.023309 seconds .

========================================================================
Received Import Request.
  Time since last request: 0.000195 seconds.
  path: Assets/CasualGameSounds/DM-CGS-02.wav
  artifactKey: Guid(dc6614beca09347ec9b258f12d154bdd) Importer(815301076,1909f56bfc062723c751e8b465ee728b)
Start importing Assets/CasualGameSounds/DM-CGS-02.wav using Guid(dc6614beca09347ec9b258f12d154bdd) Importer(815301076,1909f56bfc062723c751e8b465ee728b)  -> (artifact id: '9d07721fdbbb3684da691c61f45bebc7') in 0.019991 seconds
  Import took 0.023133 seconds .

========================================================================
Received Import Request.
  Time since last request: 0.000237 seconds.
  path: Assets/CasualGameSounds/DM-CGS-28.wav
  artifactKey: Guid(79180f511d89441b9aa23ccae1992fe0) Importer(815301076,1909f56bfc062723c751e8b465ee728b)
Start importing Assets/CasualGameSounds/DM-CGS-28.wav using Guid(79180f511d89441b9aa23ccae1992fe0) Importer(815301076,1909f56bfc062723c751e8b465ee728b)  -> (artifact id: '857f168a59c8a33488e1e0238053a5ea') in 0.014860 seconds
  Import took 0.018350 seconds .

========================================================================
Received Import Request.
  Time since last request: 0.000177 seconds.
  path: Assets/CasualGameSounds/DM-CGS-27.wav
  artifactKey: Guid(5039414d94a6e4e70a5ab9e8833e992a) Importer(815301076,1909f56bfc062723c751e8b465ee728b)
Start importing Assets/CasualGameSounds/DM-CGS-27.wav using Guid(5039414d94a6e4e70a5ab9e8833e992a) Importer(815301076,1909f56bfc062723c751e8b465ee728b)  -> (artifact id: 'f56a94745114bce41f23e50b855c45a3') in 0.014504 seconds
  Import took 0.017334 seconds .

========================================================================
Received Import Request.
  Time since last request: 0.000169 seconds.
  path: Assets/CasualGameSounds/DM-CGS-37.wav
  artifactKey: Guid(a931da70ee74947d5a047de583170ade) Importer(815301076,1909f56bfc062723c751e8b465ee728b)
Start importing Assets/CasualGameSounds/DM-CGS-37.wav using Guid(a931da70ee74947d5a047de583170ade) Importer(815301076,1909f56bfc062723c751e8b465ee728b)  -> (artifact id: '9b0262d3eb7da3bd65625537d65fceab') in 0.014558 seconds
  Import took 0.017286 seconds .

========================================================================
Received Prepare
Registering precompiled user dll's ...
Registered in 0.001076 seconds.
Begin MonoManager ReloadAssembly
Native extension for WindowsStandalone target not found
Refreshing native plugins compatible for Editor in 0.36 ms, found 1 plugins.
Preloading 0 native plugins for Editor in 0.00 ms.
Invoked RoslynAnalysisRunner static constructor.
RoslynAnalysisRunner will not be running.
RoslynAnalysisRunner has terminated.
Mono: successfully reloaded assembly
- Completed reload, in  0.771 seconds
Platform modules already initialized, skipping
Refreshing native plugins compatible for Editor in 0.42 ms, found 1 plugins.
Preloading 0 native plugins for Editor in 0.00 ms.
Unloading 1860 Unused Serialized files (Serialized files now loaded: 0)
System memory in use before: 89.5 MB.
System memory in use after: 89.5 MB.

Unloading 12 unused Assets to reduce memory usage. Loaded Objects now: 2322.
Total: 1.794800 ms (FindLiveObjects: 0.175100 ms CreateObjectMapping: 0.066400 ms MarkObjects: 1.440700 ms  DeleteObjects: 0.111900 ms)

========================================================================
Received Prepare
Registering precompiled user dll's ...
Registered in 0.000785 seconds.
Begin MonoManager ReloadAssembly
Native extension for WindowsStandalone target not found
Refreshing native plugins compatible for Editor in 0.34 ms, found 1 plugins.
Preloading 0 native plugins for Editor in 0.00 ms.
Invoked RoslynAnalysisRunner static constructor.
RoslynAnalysisRunner will not be running.
RoslynAnalysisRunner has terminated.
Mono: successfully reloaded assembly
- Completed reload, in  0.706 seconds
Platform modules already initialized, skipping
Refreshing native plugins compatible for Editor in 0.93 ms, found 1 plugins.
Preloading 0 native plugins for Editor in 0.00 ms.
Unloading 1860 Unused Serialized files (Serialized files now loaded: 0)
System memory in use before: 89.6 MB.
System memory in use after: 89.6 MB.

Unloading 12 unused Assets to reduce memory usage. Loaded Objects now: 2326.
Total: 2.552500 ms (FindLiveObjects: 0.273600 ms CreateObjectMapping: 0.102600 ms MarkObjects: 2.072000 ms  DeleteObjects: 0.103000 ms)

========================================================================
Received Prepare
Registering precompiled user dll's ...
Registered in 0.000818 seconds.
Begin MonoManager ReloadAssembly
Native extension for WindowsStandalone target not found
Refreshing native plugins compatible for Editor in 0.35 ms, found 1 plugins.
Preloading 0 native plugins for Editor in 0.00 ms.
Invoked RoslynAnalysisRunner static constructor.
RoslynAnalysisRunner will not be running.
RoslynAnalysisRunner has terminated.
Mono: successfully reloaded assembly
- Completed reload, in  0.760 seconds
Platform modules already initialized, skipping
Refreshing native plugins compatible for Editor in 0.38 ms, found 1 plugins.
Preloading 0 native plugins for Editor in 0.00 ms.
Unloading 1860 Unused Serialized files (Serialized files now loaded: 0)
System memory in use before: 89.6 MB.
System memory in use after: 89.6 MB.

Unloading 12 unused Assets to reduce memory usage. Loaded Objects now: 2330.
Total: 1.741900 ms (FindLiveObjects: 0.238600 ms CreateObjectMapping: 0.070100 ms MarkObjects: 1.330900 ms  DeleteObjects: 0.100000 ms)

========================================================================
Received Prepare
Registering precompiled user dll's ...
Registered in 0.000792 seconds.
Begin MonoManager ReloadAssembly
Native extension for WindowsStandalone target not found
Refreshing native plugins compatible for Editor in 0.35 ms, found 1 plugins.
Preloading 0 native plugins for Editor in 0.00 ms.
Invoked RoslynAnalysisRunner static constructor.
RoslynAnalysisRunner will not be running.
RoslynAnalysisRunner has terminated.
Mono: successfully reloaded assembly
- Completed reload, in  0.739 seconds
Platform modules already initialized, skipping
Refreshing native plugins compatible for Editor in 0.38 ms, found 1 plugins.
Preloading 0 native plugins for Editor in 0.00 ms.
Unloading 1860 Unused Serialized files (Serialized files now loaded: 0)
System memory in use before: 89.6 MB.
System memory in use after: 89.6 MB.

Unloading 12 unused Assets to reduce memory usage. Loaded Objects now: 2334.
Total: 1.782000 ms (FindLiveObjects: 0.217700 ms CreateObjectMapping: 0.090300 ms MarkObjects: 1.339500 ms  DeleteObjects: 0.133700 ms)

========================================================================
Received Prepare
Registering precompiled user dll's ...
Registered in 0.001210 seconds.
Begin MonoManager ReloadAssembly
Native extension for WindowsStandalone target not found
Refreshing native plugins compatible for Editor in 0.35 ms, found 1 plugins.
Preloading 0 native plugins for Editor in 0.00 ms.
Invoked RoslynAnalysisRunner static constructor.
RoslynAnalysisRunner will not be running.
RoslynAnalysisRunner has terminated.
Mono: successfully reloaded assembly
- Completed reload, in  0.737 seconds
Platform modules already initialized, skipping
Refreshing native plugins compatible for Editor in 0.36 ms, found 1 plugins.
Preloading 0 native plugins for Editor in 0.00 ms.
Unloading 1860 Unused Serialized files (Serialized files now loaded: 0)
System memory in use before: 89.6 MB.
System memory in use after: 89.6 MB.

Unloading 12 unused Assets to reduce memory usage. Loaded Objects now: 2338.
Total: 3.060700 ms (FindLiveObjects: 0.319500 ms CreateObjectMapping: 0.084000 ms MarkObjects: 2.559200 ms  DeleteObjects: 0.096900 ms)

========================================================================
Received Prepare
Registering precompiled user dll's ...
Registered in 0.001095 seconds.
Begin MonoManager ReloadAssembly
Native extension for WindowsStandalone target not found
Refreshing native plugins compatible for Editor in 0.96 ms, found 1 plugins.
Preloading 0 native plugins for Editor in 0.00 ms.
Invoked RoslynAnalysisRunner static constructor.
RoslynAnalysisRunner will not be running.
RoslynAnalysisRunner has terminated.
Mono: successfully reloaded assembly
- Completed reload, in  1.061 seconds
Platform modules already initialized, skipping
Refreshing native plugins compatible for Editor in 0.85 ms, found 1 plugins.
Preloading 0 native plugins for Editor in 0.00 ms.
Unloading 1860 Unused Serialized files (Serialized files now loaded: 0)
System memory in use before: 89.6 MB.
System memory in use after: 89.6 MB.

Unloading 12 unused Assets to reduce memory usage. Loaded Objects now: 2342.
Total: 3.465200 ms (FindLiveObjects: 0.394500 ms CreateObjectMapping: 0.212400 ms MarkObjects: 2.734200 ms  DeleteObjects: 0.122000 ms)

========================================================================
Received Prepare
Registering precompiled user dll's ...
Registered in 0.000875 seconds.
Begin MonoManager ReloadAssembly
Native extension for WindowsStandalone target not found
Refreshing native plugins compatible for Editor in 0.72 ms, found 1 plugins.
Preloading 0 native plugins for Editor in 0.00 ms.
Invoked RoslynAnalysisRunner static constructor.
RoslynAnalysisRunner will not be running.
RoslynAnalysisRunner has terminated.
Mono: successfully reloaded assembly
- Completed reload, in  0.904 seconds
Platform modules already initialized, skipping
Refreshing native plugins compatible for Editor in 0.39 ms, found 1 plugins.
Preloading 0 native plugins for Editor in 0.00 ms.
Unloading 1860 Unused Serialized files (Serialized files now loaded: 0)
System memory in use before: 89.6 MB.
System memory in use after: 89.6 MB.

Unloading 12 unused Assets to reduce memory usage. Loaded Objects now: 2346.
Total: 2.458300 ms (FindLiveObjects: 0.354600 ms CreateObjectMapping: 0.090700 ms MarkObjects: 1.858900 ms  DeleteObjects: 0.153400 ms)

========================================================================
Received Prepare
Registering precompiled user dll's ...
Registered in 0.000922 seconds.
Begin MonoManager ReloadAssembly
Native extension for WindowsStandalone target not found
Refreshing native plugins compatible for Editor in 0.42 ms, found 1 plugins.
Preloading 0 native plugins for Editor in 0.00 ms.
Invoked RoslynAnalysisRunner static constructor.
RoslynAnalysisRunner will not be running.
RoslynAnalysisRunner has terminated.
Mono: successfully reloaded assembly
- Completed reload, in  0.800 seconds
Platform modules already initialized, skipping
Refreshing native plugins compatible for Editor in 0.39 ms, found 1 plugins.
Preloading 0 native plugins for Editor in 0.00 ms.
Unloading 1860 Unused Serialized files (Serialized files now loaded: 0)
System memory in use before: 89.6 MB.
System memory in use after: 89.6 MB.

Unloading 12 unused Assets to reduce memory usage. Loaded Objects now: 2350.
Total: 2.892400 ms (FindLiveObjects: 0.528100 ms CreateObjectMapping: 0.149000 ms MarkObjects: 2.012300 ms  DeleteObjects: 0.200300 ms)

========================================================================
Received Import Request.
  Time since last request: 1521.208862 seconds.
  path: Assets/Assets/Documentation
  artifactKey: Guid(027af8a3f1e144b47b9b15d1d3722d67) Importer(815301076,1909f56bfc062723c751e8b465ee728b)
Start importing Assets/Assets/Documentation using Guid(027af8a3f1e144b47b9b15d1d3722d67) Importer(815301076,1909f56bfc062723c751e8b465ee728b)  -> (artifact id: '302cb733e2a542f774581d85de65ae38') in 0.013970 seconds
  Import took 0.017067 seconds .

========================================================================
Received Import Request.
  Time since last request: 1.794732 seconds.
  path: Assets/Assets/GoogleMobileAds
  artifactKey: Guid(e6d6c8bcba39440abae1c5ccc063c635) Importer(815301076,1909f56bfc062723c751e8b465ee728b)
Start importing Assets/Assets/GoogleMobileAds using Guid(e6d6c8bcba39440abae1c5ccc063c635) Importer(815301076,1909f56bfc062723c751e8b465ee728b)  -> (artifact id: '4fa6f174b33bc09fb0229147d0050afd') in 0.009004 seconds
  Import took 0.012603 seconds .

========================================================================
Received Import Request.
  Time since last request: 30.235250 seconds.
  path: Assets/Assets/Animation/Shop
  artifactKey: Guid(5ad50bd89679a984b99e5573e806260b) Importer(815301076,1909f56bfc062723c751e8b465ee728b)
Start importing Assets/Assets/Animation/Shop using Guid(5ad50bd89679a984b99e5573e806260b) Importer(815301076,1909f56bfc062723c751e8b465ee728b)  -> (artifact id: '4d3b425560d0c934eea8081e1f886d17') in 0.009529 seconds
  Import took 0.013305 seconds .

========================================================================
Received Import Request.
  Time since last request: 1.293797 seconds.
  path: Assets/Assets/Audio
  artifactKey: Guid(2852cd5fe8fa5d447b7bf45f78f3fc38) Importer(815301076,1909f56bfc062723c751e8b465ee728b)
Start importing Assets/Assets/Audio using Guid(2852cd5fe8fa5d447b7bf45f78f3fc38) Importer(815301076,1909f56bfc062723c751e8b465ee728b)  -> (artifact id: '00a4b94b8d139a82c5ea0fc9f32a6305') in 0.010081 seconds
  Import took 0.013339 seconds .

========================================================================
Received Import Request.
  Time since last request: 3.767372 seconds.
  path: Assets/Assets/GoogleMobileAds/Api
  artifactKey: Guid(6424fd4b648494541a9372eafd21197f) Importer(815301076,1909f56bfc062723c751e8b465ee728b)
Start importing Assets/Assets/GoogleMobileAds/Api using Guid(6424fd4b648494541a9372eafd21197f) Importer(815301076,1909f56bfc062723c751e8b465ee728b)  -> (artifact id: '3d22a2d434add2fdfbf87f7210be22ae') in 0.008549 seconds
  Import took 0.011765 seconds .

========================================================================
Received Import Request.
  Time since last request: 0.626895 seconds.
  path: Assets/Assets/GoogleMobileAds/Api/Mediation
  artifactKey: Guid(fee51398a978042a2971e3a9ce328ba0) Importer(815301076,1909f56bfc062723c751e8b465ee728b)
Start importing Assets/Assets/GoogleMobileAds/Api/Mediation using Guid(fee51398a978042a2971e3a9ce328ba0) Importer(815301076,1909f56bfc062723c751e8b465ee728b)  -> (artifact id: 'a2c1dc70d8d80a01669903d53f0d91a1') in 0.009541 seconds
  Import took 0.012253 seconds .

========================================================================
Received Import Request.
  Time since last request: 1.610639 seconds.
  path: Assets/Assets/GoogleMobileAds/Common
  artifactKey: Guid(be2a17637371048e5a2dd415ba22514b) Importer(815301076,1909f56bfc062723c751e8b465ee728b)
Start importing Assets/Assets/GoogleMobileAds/Common using Guid(be2a17637371048e5a2dd415ba22514b) Importer(815301076,1909f56bfc062723c751e8b465ee728b)  -> (artifact id: 'f3f9ccac703afc9f086729cb7895dfc7') in 0.007459 seconds
  Import took 0.010990 seconds .

========================================================================
Received Import Request.
  Time since last request: 0.826822 seconds.
  path: Assets/Assets/GoogleMobileAds/Editor
  artifactKey: Guid(49640e8601cf2402d96b1b4bad2921df) Importer(815301076,1909f56bfc062723c751e8b465ee728b)
Start importing Assets/Assets/GoogleMobileAds/Editor using Guid(49640e8601cf2402d96b1b4bad2921df) Importer(815301076,1909f56bfc062723c751e8b465ee728b)  -> (artifact id: '75c422eff6f9f23de8dcc60934a6321b') in 0.009180 seconds
  Import took 0.012549 seconds .

========================================================================
Received Import Request.
  Time since last request: 0.796206 seconds.
  path: Assets/Assets/GoogleMobileAds/Platforms
  artifactKey: Guid(f26cbb3b0cc0446fe97c7b9328638d83) Importer(815301076,1909f56bfc062723c751e8b465ee728b)
Start importing Assets/Assets/GoogleMobileAds/Platforms using Guid(f26cbb3b0cc0446fe97c7b9328638d83) Importer(815301076,1909f56bfc062723c751e8b465ee728b)  -> (artifact id: 'd18376497944653f23566ed72b1ea991') in 0.008573 seconds
  Import took 0.011664 seconds .

========================================================================
Received Import Request.
  Time since last request: 2.066100 seconds.
  path: Assets/Assets/GoogleMobileAds/Platforms/Android
  artifactKey: Guid(40cedae85009a44909a4517c105e3259) Importer(815301076,1909f56bfc062723c751e8b465ee728b)
Start importing Assets/Assets/GoogleMobileAds/Platforms/Android using Guid(40cedae85009a44909a4517c105e3259) Importer(815301076,1909f56bfc062723c751e8b465ee728b)  -> (artifact id: 'df172626ac51ce8279add3a76ad60c12') in 0.008569 seconds
  Import took 0.012333 seconds .

========================================================================
Received Import Request.
  Time since last request: 0.800127 seconds.
  path: Assets/Assets/GoogleMobileAds/Platforms/iOS
  artifactKey: Guid(a6deaa0d81683441a9cdd72c265e2503) Importer(815301076,1909f56bfc062723c751e8b465ee728b)
Start importing Assets/Assets/GoogleMobileAds/Platforms/iOS using Guid(a6deaa0d81683441a9cdd72c265e2503) Importer(815301076,1909f56bfc062723c751e8b465ee728b)  -> (artifact id: '8174c1f5bde0c68b85a046847c96076c') in 0.009524 seconds
  Import took 0.012472 seconds .

========================================================================
Received Import Request.
  Time since last request: 3.917246 seconds.
  path: Assets/Assets/Images/Gizmoz
  artifactKey: Guid(35a331e79d403814a9a3c208b2ec0127) Importer(815301076,1909f56bfc062723c751e8b465ee728b)
Start importing Assets/Assets/Images/Gizmoz using Guid(35a331e79d403814a9a3c208b2ec0127) Importer(815301076,1909f56bfc062723c751e8b465ee728b)  -> (artifact id: 'a445c5960789f9182297fd37f4b3d984') in 0.009168 seconds
  Import took 0.012144 seconds .

========================================================================
Received Import Request.
  Time since last request: 0.849545 seconds.
  path: Assets/Assets/Images/Level
  artifactKey: Guid(f548b5060ebfe3b488136b78329a9e3b) Importer(815301076,1909f56bfc062723c751e8b465ee728b)
Start importing Assets/Assets/Images/Level using Guid(f548b5060ebfe3b488136b78329a9e3b) Importer(815301076,1909f56bfc062723c751e8b465ee728b)  -> (artifact id: '918aa2d09d5dbf0be62a6e35ec636752') in 0.008888 seconds
  Import took 0.012124 seconds .

========================================================================
Received Import Request.
  Time since last request: 1.159422 seconds.
  path: Assets/Assets/Images/Level/Spritesheet
  artifactKey: Guid(d37c191da26d2ff40a0c6f2a2026577a) Importer(815301076,1909f56bfc062723c751e8b465ee728b)
Start importing Assets/Assets/Images/Level/Spritesheet using Guid(d37c191da26d2ff40a0c6f2a2026577a) Importer(815301076,1909f56bfc062723c751e8b465ee728b)  -> (artifact id: 'b498042895626b4f486861856007abb7') in 0.007958 seconds
  Import took 0.012100 seconds .

========================================================================
Received Import Request.
  Time since last request: 4.961081 seconds.
  path: Assets/Assets/Images/UI/9-Slice/Colored
  artifactKey: Guid(dbeacaad50c5a824e8884472483f5a73) Importer(815301076,1909f56bfc062723c751e8b465ee728b)
Start importing Assets/Assets/Images/UI/9-Slice/Colored using Guid(dbeacaad50c5a824e8884472483f5a73) Importer(815301076,1909f56bfc062723c751e8b465ee728b)  -> (artifact id: '481a2d526dcddfdad56a797c8e4e49fe') in 0.009723 seconds
  Import took 0.012517 seconds .

========================================================================
Received Import Request.
  Time since last request: 14.443234 seconds.
  path: Assets/Assets/Scripts/Admob/Configs
  artifactKey: Guid(e27218030a60d8a4e82ae9b1e2dabd31) Importer(815301076,1909f56bfc062723c751e8b465ee728b)
Start importing Assets/Assets/Scripts/Admob/Configs using Guid(e27218030a60d8a4e82ae9b1e2dabd31) Importer(815301076,1909f56bfc062723c751e8b465ee728b)  -> (artifact id: '8025f909c6fd6a022cadc9e272122020') in 0.008920 seconds
  Import took 0.012232 seconds .

========================================================================
Received Import Request.
  Time since last request: 5.074379 seconds.
  path: Assets/Assets/Scripts/Animator
  artifactKey: Guid(cc8e9d74ac4de584baf3eb82a66beb98) Importer(815301076,1909f56bfc062723c751e8b465ee728b)
Start importing Assets/Assets/Scripts/Animator using Guid(cc8e9d74ac4de584baf3eb82a66beb98) Importer(815301076,1909f56bfc062723c751e8b465ee728b)  -> (artifact id: '63f467791d114cc04e9b1d63454a4d90') in 0.008694 seconds
  Import took 0.011693 seconds .

========================================================================
Received Import Request.
  Time since last request: 0.826906 seconds.
  path: Assets/Assets/Scripts/Audio
  artifactKey: Guid(a52bb93014f46214bb34e3e5d08419d9) Importer(815301076,1909f56bfc062723c751e8b465ee728b)
Start importing Assets/Assets/Scripts/Audio using Guid(a52bb93014f46214bb34e3e5d08419d9) Importer(815301076,1909f56bfc062723c751e8b465ee728b)  -> (artifact id: 'a9e9e9eb3e17bc82a6ad83f4a5b8f2c4') in 0.003942 seconds
  Import took 0.008454 seconds .

========================================================================
Received Import Request.
  Time since last request: 0.000856 seconds.
  path: Assets/Assets/Scripts/Audio
  artifactKey: Guid(a52bb93014f46214bb34e3e5d08419d9) Importer(815301076,1909f56bfc062723c751e8b465ee728b)
Start importing Assets/Assets/Scripts/Audio using Guid(a52bb93014f46214bb34e3e5d08419d9) Importer(815301076,1909f56bfc062723c751e8b465ee728b)  -> (artifact id: 'a9e9e9eb3e17bc82a6ad83f4a5b8f2c4') in 0.002739 seconds
  Import took 0.006464 seconds .

========================================================================
Received Import Request.
  Time since last request: 0.509354 seconds.
  path: Assets/Assets/Scripts/Camera
  artifactKey: Guid(f23892219d2cf094dbf192cd252dbd84) Importer(815301076,1909f56bfc062723c751e8b465ee728b)
Start importing Assets/Assets/Scripts/Camera using Guid(f23892219d2cf094dbf192cd252dbd84) Importer(815301076,1909f56bfc062723c751e8b465ee728b)  -> (artifact id: '9a49bad36fb19fcd988a46c9e7fdc8b9') in 0.008707 seconds
  Import took 0.012497 seconds .

========================================================================
Received Import Request.
  Time since last request: 0.691130 seconds.
  path: Assets/Assets/Scripts/Data
  artifactKey: Guid(ad7adb9c91087774eb83ac64b801a5c3) Importer(815301076,1909f56bfc062723c751e8b465ee728b)
Start importing Assets/Assets/Scripts/Data using Guid(ad7adb9c91087774eb83ac64b801a5c3) Importer(815301076,1909f56bfc062723c751e8b465ee728b)  -> (artifact id: '7ce8ae4bcc0e9df3f86066aee83d7db6') in 0.007945 seconds
  Import took 0.012153 seconds .

========================================================================
Received Import Request.
  Time since last request: 0.553198 seconds.
  path: Assets/Assets/Scripts/Effects
  artifactKey: Guid(cbb72c8ffbf5dad4a9c8dd17d785a489) Importer(815301076,1909f56bfc062723c751e8b465ee728b)
Start importing Assets/Assets/Scripts/Effects using Guid(cbb72c8ffbf5dad4a9c8dd17d785a489) Importer(815301076,1909f56bfc062723c751e8b465ee728b)  -> (artifact id: 'a5137b4e856eab4e2309112b373ddf1b') in 0.008256 seconds
  Import took 0.011917 seconds .

========================================================================
Received Import Request.
  Time since last request: 1.852458 seconds.
  path: Assets/Assets/Scripts/Upgrade
  artifactKey: Guid(24f6ffba1ee5dcb43a5d9d54cdd44813) Importer(815301076,1909f56bfc062723c751e8b465ee728b)
Start importing Assets/Assets/Scripts/Upgrade using Guid(24f6ffba1ee5dcb43a5d9d54cdd44813) Importer(815301076,1909f56bfc062723c751e8b465ee728b)  -> (artifact id: 'ce328fb89714d8848bdfcfd7537f83d2') in 0.007128 seconds
  Import took 0.010055 seconds .

========================================================================
Received Import Request.
  Time since last request: 1.240798 seconds.
  path: Assets/Assets/Scripts/Upgrade/Items
  artifactKey: Guid(b584429578dc5a44cbb2d25c2d48f696) Importer(815301076,1909f56bfc062723c751e8b465ee728b)
Start importing Assets/Assets/Scripts/Upgrade/Items using Guid(b584429578dc5a44cbb2d25c2d48f696) Importer(815301076,1909f56bfc062723c751e8b465ee728b)  -> (artifact id: '9461857d8d8b72b38f288b6452d14a4e') in 0.009176 seconds
  Import took 0.012498 seconds .

========================================================================
Received Import Request.
  Time since last request: 1.104479 seconds.
  path: Assets/Assets/Scripts/Upgrade/Types
  artifactKey: Guid(33471961e1c3ef64d9ad916c39c98d7a) Importer(815301076,1909f56bfc062723c751e8b465ee728b)
Start importing Assets/Assets/Scripts/Upgrade/Types using Guid(33471961e1c3ef64d9ad916c39c98d7a) Importer(815301076,1909f56bfc062723c751e8b465ee728b)  -> (artifact id: '842dcd7f101268aa3417717db0800535') in 0.009474 seconds
  Import took 0.014160 seconds .

========================================================================
Received Import Request.
  Time since last request: 3.674561 seconds.
  path: Assets/Assets/TileMap/Tilemap
  artifactKey: Guid(73430803a208aa24a9624fb7cc458107) Importer(815301076,1909f56bfc062723c751e8b465ee728b)
Start importing Assets/Assets/TileMap/Tilemap using Guid(73430803a208aa24a9624fb7cc458107) Importer(815301076,1909f56bfc062723c751e8b465ee728b)  -> (artifact id: '2cd2d8a6206034c3fd5cbb7e51ce2e37') in 0.007471 seconds
  Import took 0.010838 seconds .

========================================================================
Received Prepare
Registering precompiled user dll's ...
Registered in 0.001321 seconds.
Begin MonoManager ReloadAssembly
Native extension for WindowsStandalone target not found
Refreshing native plugins compatible for Editor in 0.37 ms, found 1 plugins.
Preloading 0 native plugins for Editor in 0.00 ms.
Invoked RoslynAnalysisRunner static constructor.
RoslynAnalysisRunner will not be running.
RoslynAnalysisRunner has terminated.
Mono: successfully reloaded assembly
- Completed reload, in  0.732 seconds
Platform modules already initialized, skipping
Refreshing native plugins compatible for Editor in 0.39 ms, found 1 plugins.
Preloading 0 native plugins for Editor in 0.00 ms.
Unloading 1860 Unused Serialized files (Serialized files now loaded: 0)
System memory in use before: 89.6 MB.
System memory in use after: 89.6 MB.

Unloading 12 unused Assets to reduce memory usage. Loaded Objects now: 2354.
Total: 1.747300 ms (FindLiveObjects: 0.170100 ms CreateObjectMapping: 0.062800 ms MarkObjects: 1.420400 ms  DeleteObjects: 0.093300 ms)

========================================================================
Received Prepare
Registering precompiled user dll's ...
Registered in 0.001033 seconds.
Begin MonoManager ReloadAssembly
Native extension for WindowsStandalone target not found
Refreshing native plugins compatible for Editor in 0.35 ms, found 1 plugins.
Preloading 0 native plugins for Editor in 0.00 ms.
Invoked RoslynAnalysisRunner static constructor.
RoslynAnalysisRunner will not be running.
RoslynAnalysisRunner has terminated.
Mono: successfully reloaded assembly
- Completed reload, in  0.725 seconds
Platform modules already initialized, skipping
Refreshing native plugins compatible for Editor in 0.39 ms, found 1 plugins.
Preloading 0 native plugins for Editor in 0.00 ms.
Unloading 1860 Unused Serialized files (Serialized files now loaded: 0)
System memory in use before: 89.7 MB.
System memory in use after: 89.6 MB.

Unloading 12 unused Assets to reduce memory usage. Loaded Objects now: 2358.
Total: 2.025700 ms (FindLiveObjects: 0.224200 ms CreateObjectMapping: 0.080400 ms MarkObjects: 1.612500 ms  DeleteObjects: 0.107700 ms)

AssetImportWorkerClient::OnTransportError - code=2 error=End of file
